0 info it worked if it ends with ok
1 verbose cli [
1 verbose cli   '/usr/local/bin/node',
1 verbose cli   '/usr/local/bin/npm',
1 verbose cli   'install',
1 verbose cli   '-g',
1 verbose cli   'nodemon'
1 verbose cli ]
2 info using npm@6.14.11
3 info using node@v14.15.5
4 verbose npm-session 59fd89282624aa13
5 silly install loadCurrentTree
6 silly install readGlobalPackageData
7 http fetch GET 304 https://registry.npmjs.org/nodemon 243ms (from cache)
8 silly pacote tag manifest for nodemon@latest fetched in 259ms
9 timing stage:loadCurrentTree Completed in 274ms
10 silly install loadIdealTree
11 silly install cloneCurrentTreeToIdealTree
12 timing stage:loadIdealTree:cloneCurrentTree Completed in 0ms
13 silly install loadShrinkwrap
14 timing stage:loadIdealTree:loadShrinkwrap Completed in 1ms
15 silly install loadAllDepsIntoIdealTree
16 silly resolveWithNewModule nodemon@2.0.7 checking installable status
17 http fetch GET 304 https://registry.npmjs.org/ignore-by-default 102ms (from cache)
18 silly pacote range manifest for ignore-by-default@^1.0.1 fetched in 104ms
19 silly resolveWithNewModule ignore-by-default@1.0.1 checking installable status
20 http fetch GET 304 https://registry.npmjs.org/supports-color 170ms (from cache)
21 silly pacote range manifest for supports-color@^5.5.0 fetched in 171ms
22 silly resolveWithNewModule supports-color@5.5.0 checking installable status
23 http fetch GET 304 https://registry.npmjs.org/minimatch 185ms (from cache)
24 silly pacote range manifest for minimatch@^3.0.4 fetched in 187ms
25 silly resolveWithNewModule minimatch@3.0.4 checking installable status
26 http fetch GET 304 https://registry.npmjs.org/semver 187ms (from cache)
27 silly pacote range manifest for semver@^5.7.1 fetched in 194ms
28 silly resolveWithNewModule semver@5.7.1 checking installable status
29 http fetch GET 304 https://registry.npmjs.org/chokidar 206ms (from cache)
30 silly pacote range manifest for chokidar@^3.2.2 fetched in 211ms
31 silly resolveWithNewModule chokidar@3.5.1 checking installable status
32 http fetch GET 304 https://registry.npmjs.org/pstree.remy 208ms (from cache)
33 http fetch GET 304 https://registry.npmjs.org/update-notifier 202ms (from cache)
34 silly pacote range manifest for pstree.remy@^1.1.7 fetched in 212ms
35 silly resolveWithNewModule pstree.remy@1.1.8 checking installable status
36 silly pacote range manifest for update-notifier@^4.1.0 fetched in 206ms
37 silly resolveWithNewModule update-notifier@4.1.3 checking installable status
38 http fetch GET 304 https://registry.npmjs.org/undefsafe 213ms (from cache)
39 silly pacote range manifest for undefsafe@^2.0.3 fetched in 215ms
40 silly resolveWithNewModule undefsafe@2.0.3 checking installable status
41 http fetch GET 304 https://registry.npmjs.org/touch 218ms (from cache)
42 silly pacote range manifest for touch@^3.1.0 fetched in 219ms
43 silly resolveWithNewModule touch@3.1.0 checking installable status
44 http fetch GET 304 https://registry.npmjs.org/debug 262ms (from cache)
45 silly pacote range manifest for debug@^3.2.6 fetched in 265ms
46 silly resolveWithNewModule debug@3.2.7 checking installable status
47 http fetch GET 200 https://registry.npmjs.org/is-glob 14ms (from cache)
48 silly pacote range manifest for is-glob@~4.0.1 fetched in 16ms
49 silly resolveWithNewModule is-glob@4.0.1 checking installable status
50 http fetch GET 304 https://registry.npmjs.org/glob-parent 69ms (from cache)
51 silly pacote range manifest for glob-parent@~5.1.0 fetched in 71ms
52 silly resolveWithNewModule glob-parent@5.1.2 checking installable status
53 http fetch GET 304 https://registry.npmjs.org/anymatch 73ms (from cache)
54 http fetch GET 304 https://registry.npmjs.org/normalize-path 73ms (from cache)
55 http fetch GET 304 https://registry.npmjs.org/braces 75ms (from cache)
56 silly pacote range manifest for anymatch@~3.1.1 fetched in 76ms
57 silly resolveWithNewModule anymatch@3.1.1 checking installable status
58 silly pacote range manifest for normalize-path@~3.0.0 fetched in 75ms
59 silly resolveWithNewModule normalize-path@3.0.0 checking installable status
60 silly pacote range manifest for braces@~3.0.2 fetched in 77ms
61 silly resolveWithNewModule braces@3.0.2 checking installable status
62 http fetch GET 304 https://registry.npmjs.org/fsevents 83ms (from cache)
63 silly pacote range manifest for fsevents@~2.3.1 fetched in 84ms
64 silly resolveWithNewModule fsevents@2.3.2 checking installable status
65 http fetch GET 304 https://registry.npmjs.org/is-binary-path 86ms (from cache)
66 silly pacote range manifest for is-binary-path@~2.1.0 fetched in 87ms
67 silly resolveWithNewModule is-binary-path@2.1.0 checking installable status
68 http fetch GET 304 https://registry.npmjs.org/readdirp 90ms (from cache)
69 silly pacote range manifest for readdirp@~3.5.0 fetched in 92ms
70 silly resolveWithNewModule readdirp@3.5.0 checking installable status
71 http fetch GET 304 https://registry.npmjs.org/picomatch 73ms (from cache)
72 silly pacote range manifest for picomatch@^2.0.4 fetched in 75ms
73 silly resolveWithNewModule picomatch@2.2.2 checking installable status
74 http fetch GET 304 https://registry.npmjs.org/fill-range 73ms (from cache)
75 silly pacote range manifest for fill-range@^7.0.1 fetched in 74ms
76 silly resolveWithNewModule fill-range@7.0.1 checking installable status
77 http fetch GET 304 https://registry.npmjs.org/to-regex-range 75ms (from cache)
78 silly pacote range manifest for to-regex-range@^5.0.1 fetched in 76ms
79 silly resolveWithNewModule to-regex-range@5.0.1 checking installable status
80 http fetch GET 304 https://registry.npmjs.org/is-number 55ms (from cache)
81 silly pacote range manifest for is-number@^7.0.0 fetched in 57ms
82 silly resolveWithNewModule is-number@7.0.0 checking installable status
83 http fetch GET 200 https://registry.npmjs.org/is-extglob 2ms (from cache)
84 silly pacote range manifest for is-extglob@^2.1.1 fetched in 3ms
85 silly resolveWithNewModule is-extglob@2.1.1 checking installable status
86 http fetch GET 304 https://registry.npmjs.org/binary-extensions 89ms (from cache)
87 silly pacote range manifest for binary-extensions@^2.0.0 fetched in 91ms
88 silly resolveWithNewModule binary-extensions@2.2.0 checking installable status
89 http fetch GET 200 https://registry.npmjs.org/ms 4ms (from cache)
90 silly pacote range manifest for ms@^2.1.1 fetched in 5ms
91 silly resolveWithNewModule ms@2.1.3 checking installable status
92 http fetch GET 304 https://registry.npmjs.org/brace-expansion 54ms (from cache)
93 silly pacote range manifest for brace-expansion@^1.1.7 fetched in 55ms
94 silly resolveWithNewModule brace-expansion@1.1.11 checking installable status
95 http fetch GET 304 https://registry.npmjs.org/concat-map 83ms (from cache)
96 silly pacote version manifest for concat-map@0.0.1 fetched in 85ms
97 silly resolveWithNewModule concat-map@0.0.1 checking installable status
98 http fetch GET 304 https://registry.npmjs.org/balanced-match 86ms (from cache)
99 silly pacote range manifest for balanced-match@^1.0.0 fetched in 87ms
100 silly resolveWithNewModule balanced-match@1.0.0 checking installable status
101 http fetch GET 304 https://registry.npmjs.org/has-flag 54ms (from cache)
102 silly pacote range manifest for has-flag@^3.0.0 fetched in 56ms
103 silly resolveWithNewModule has-flag@3.0.0 checking installable status
104 http fetch GET 304 https://registry.npmjs.org/nopt 117ms (from cache)
105 silly pacote range manifest for nopt@~1.0.10 fetched in 118ms
106 silly resolveWithNewModule nopt@1.0.10 checking installable status
107 http fetch GET 304 https://registry.npmjs.org/abbrev 95ms (from cache)
108 silly pacote range manifest for abbrev@1 fetched in 96ms
109 silly resolveWithNewModule abbrev@1.1.1 checking installable status
110 silly pacote range manifest for debug@^2.2.0 fetched in 1ms
111 silly resolveWithNewModule debug@2.6.9 checking installable status
112 silly pacote version manifest for ms@2.0.0 fetched in 1ms
113 silly resolveWithNewModule ms@2.0.0 checking installable status
114 http fetch GET 304 https://registry.npmjs.org/chalk 67ms (from cache)
115 silly pacote range manifest for chalk@^3.0.0 fetched in 68ms
116 silly resolveWithNewModule chalk@3.0.0 checking installable status
117 http fetch GET 304 https://registry.npmjs.org/is-yarn-global 75ms (from cache)
118 http fetch GET 304 https://registry.npmjs.org/latest-version 76ms (from cache)
119 silly pacote range manifest for is-yarn-global@^0.3.0 fetched in 78ms
120 silly resolveWithNewModule is-yarn-global@0.3.0 checking installable status
121 silly pacote range manifest for latest-version@^5.0.0 fetched in 79ms
122 silly resolveWithNewModule latest-version@5.1.0 checking installable status
123 http fetch GET 304 https://registry.npmjs.org/configstore 92ms (from cache)
124 http fetch GET 304 https://registry.npmjs.org/import-lazy 92ms (from cache)
125 silly pacote range manifest for configstore@^5.0.1 fetched in 93ms
126 silly resolveWithNewModule configstore@5.0.1 checking installable status
127 silly pacote range manifest for import-lazy@^2.1.0 fetched in 93ms
128 silly resolveWithNewModule import-lazy@2.1.0 checking installable status
129 http fetch GET 304 https://registry.npmjs.org/is-npm 93ms (from cache)
130 silly pacote range manifest for is-npm@^4.0.0 fetched in 94ms
131 silly resolveWithNewModule is-npm@4.0.0 checking installable status
132 http fetch GET 304 https://registry.npmjs.org/is-installed-globally 104ms (from cache)
133 silly pacote range manifest for is-installed-globally@^0.3.1 fetched in 105ms
134 silly resolveWithNewModule is-installed-globally@0.3.2 checking installable status
135 http fetch GET 304 https://registry.npmjs.org/has-yarn 129ms (from cache)
136 silly pacote range manifest for has-yarn@^2.1.0 fetched in 130ms
137 silly resolveWithNewModule has-yarn@2.1.0 checking installable status
138 http fetch GET 304 https://registry.npmjs.org/pupa 63ms (from cache)
139 silly pacote range manifest for pupa@^2.0.1 fetched in 65ms
140 silly resolveWithNewModule pupa@2.1.1 checking installable status
141 http fetch GET 304 https://registry.npmjs.org/xdg-basedir 68ms (from cache)
142 silly pacote range manifest for xdg-basedir@^4.0.0 fetched in 69ms
143 silly resolveWithNewModule xdg-basedir@4.0.0 checking installable status
144 http fetch GET 304 https://registry.npmjs.org/semver-diff 72ms (from cache)
145 silly pacote range manifest for semver-diff@^3.1.1 fetched in 73ms
146 silly resolveWithNewModule semver-diff@3.1.1 checking installable status
147 http fetch GET 304 https://registry.npmjs.org/is-ci 259ms (from cache)
148 silly pacote range manifest for is-ci@^2.0.0 fetched in 260ms
149 silly resolveWithNewModule is-ci@2.0.0 checking installable status
150 http fetch GET 304 https://registry.npmjs.org/boxen 10133ms attempt #2 (from cache)
151 silly pacote range manifest for boxen@^4.2.0 fetched in 10135ms
152 silly resolveWithNewModule boxen@4.2.0 checking installable status
153 http fetch GET 304 https://registry.npmjs.org/cli-boxes 65ms (from cache)
154 silly pacote range manifest for cli-boxes@^2.2.0 fetched in 66ms
155 silly resolveWithNewModule cli-boxes@2.2.1 checking installable status
156 http fetch GET 304 https://registry.npmjs.org/widest-line 74ms (from cache)
157 silly pacote range manifest for widest-line@^3.1.0 fetched in 76ms
158 silly resolveWithNewModule widest-line@3.1.0 checking installable status
159 http fetch GET 304 https://registry.npmjs.org/camelcase 81ms (from cache)
160 silly pacote range manifest for camelcase@^5.3.1 fetched in 84ms
161 silly resolveWithNewModule camelcase@5.3.1 checking installable status
162 http fetch GET 304 https://registry.npmjs.org/type-fest 89ms (from cache)
163 http fetch GET 304 https://registry.npmjs.org/term-size 91ms (from cache)
164 silly pacote range manifest for type-fest@^0.8.1 fetched in 91ms
165 silly resolveWithNewModule type-fest@0.8.1 checking installable status
166 silly pacote range manifest for term-size@^2.1.0 fetched in 92ms
167 silly resolveWithNewModule term-size@2.2.1 checking installable status
168 http fetch GET 304 https://registry.npmjs.org/string-width 93ms (from cache)
169 silly pacote range manifest for string-width@^4.1.0 fetched in 94ms
170 silly resolveWithNewModule string-width@4.2.2 checking installable status
171 http fetch GET 304 https://registry.npmjs.org/ansi-align 110ms (from cache)
172 silly pacote range manifest for ansi-align@^3.0.0 fetched in 112ms
173 silly resolveWithNewModule ansi-align@3.0.0 checking installable status
174 silly pacote range manifest for string-width@^3.0.0 fetched in 1ms
175 silly resolveWithNewModule string-width@3.1.0 checking installable status
176 http fetch GET 304 https://registry.npmjs.org/is-fullwidth-code-point 67ms (from cache)
177 silly pacote range manifest for is-fullwidth-code-point@^2.0.0 fetched in 68ms
178 silly resolveWithNewModule is-fullwidth-code-point@2.0.0 checking installable status
179 http fetch GET 304 https://registry.npmjs.org/emoji-regex 91ms (from cache)
180 silly pacote range manifest for emoji-regex@^7.0.1 fetched in 93ms
181 silly resolveWithNewModule emoji-regex@7.0.3 checking installable status
182 http fetch GET 304 https://registry.npmjs.org/strip-ansi 95ms (from cache)
183 silly pacote range manifest for strip-ansi@^5.1.0 fetched in 96ms
184 silly resolveWithNewModule strip-ansi@5.2.0 checking installable status
185 http fetch GET 304 https://registry.npmjs.org/ansi-regex 70ms (from cache)
186 silly pacote range manifest for ansi-regex@^4.1.0 fetched in 71ms
187 silly resolveWithNewModule ansi-regex@4.1.0 checking installable status
188 silly pacote range manifest for supports-color@^7.1.0 fetched in 2ms
189 silly resolveWithNewModule supports-color@7.2.0 checking installable status
190 http fetch GET 304 https://registry.npmjs.org/ansi-styles 51ms (from cache)
191 silly pacote range manifest for ansi-styles@^4.1.0 fetched in 52ms
192 silly resolveWithNewModule ansi-styles@4.3.0 checking installable status
193 http fetch GET 304 https://registry.npmjs.org/color-convert 76ms (from cache)
194 silly pacote range manifest for color-convert@^2.0.1 fetched in 78ms
195 silly resolveWithNewModule color-convert@2.0.1 checking installable status
196 http fetch GET 304 https://registry.npmjs.org/color-name 56ms (from cache)
197 silly pacote range manifest for color-name@~1.1.4 fetched in 57ms
198 silly resolveWithNewModule color-name@1.1.4 checking installable status
199 silly pacote range manifest for has-flag@^4.0.0 fetched in 1ms
200 silly resolveWithNewModule has-flag@4.0.0 checking installable status
201 silly pacote range manifest for strip-ansi@^6.0.0 fetched in 3ms
202 silly resolveWithNewModule strip-ansi@6.0.0 checking installable status
203 silly pacote range manifest for is-fullwidth-code-point@^3.0.0 fetched in 4ms
204 silly resolveWithNewModule is-fullwidth-code-point@3.0.0 checking installable status
205 silly pacote range manifest for emoji-regex@^8.0.0 fetched in 4ms
206 silly resolveWithNewModule emoji-regex@8.0.0 checking installable status
207 silly pacote range manifest for ansi-regex@^5.0.0 fetched in 1ms
208 silly resolveWithNewModule ansi-regex@5.0.0 checking installable status
209 http fetch GET 304 https://registry.npmjs.org/graceful-fs 60ms (from cache)
210 silly pacote range manifest for graceful-fs@^4.1.2 fetched in 61ms
211 silly resolveWithNewModule graceful-fs@4.2.6 checking installable status
212 http fetch GET 304 https://registry.npmjs.org/write-file-atomic 71ms (from cache)
213 silly pacote range manifest for write-file-atomic@^3.0.0 fetched in 74ms
214 silly resolveWithNewModule write-file-atomic@3.0.3 checking installable status
215 http fetch GET 304 https://registry.npmjs.org/make-dir 76ms (from cache)
216 silly pacote range manifest for make-dir@^3.0.0 fetched in 77ms
217 silly resolveWithNewModule make-dir@3.1.0 checking installable status
218 http fetch GET 304 https://registry.npmjs.org/dot-prop 79ms (from cache)
219 silly pacote range manifest for dot-prop@^5.2.0 fetched in 81ms
220 silly resolveWithNewModule dot-prop@5.3.0 checking installable status
221 http fetch GET 304 https://registry.npmjs.org/unique-string 94ms (from cache)
222 silly pacote range manifest for unique-string@^2.0.0 fetched in 95ms
223 silly resolveWithNewModule unique-string@2.0.0 checking installable status
224 http fetch GET 304 https://registry.npmjs.org/is-obj 68ms (from cache)
225 silly pacote range manifest for is-obj@^2.0.0 fetched in 70ms
226 silly resolveWithNewModule is-obj@2.0.0 checking installable status
227 silly pacote range manifest for semver@^6.0.0 fetched in 2ms
228 silly resolveWithNewModule semver@6.3.0 checking installable status
229 http fetch GET 304 https://registry.npmjs.org/crypto-random-string 62ms (from cache)
230 silly pacote range manifest for crypto-random-string@^2.0.0 fetched in 63ms
231 silly resolveWithNewModule crypto-random-string@2.0.0 checking installable status
232 http fetch GET 304 https://registry.npmjs.org/is-typedarray 66ms (from cache)
233 silly pacote range manifest for is-typedarray@^1.0.0 fetched in 67ms
234 silly resolveWithNewModule is-typedarray@1.0.0 checking installable status
235 http fetch GET 304 https://registry.npmjs.org/signal-exit 89ms (from cache)
236 silly pacote range manifest for signal-exit@^3.0.2 fetched in 90ms
237 silly resolveWithNewModule signal-exit@3.0.3 checking installable status
238 http fetch GET 304 https://registry.npmjs.org/imurmurhash 91ms (from cache)
239 silly pacote range manifest for imurmurhash@^0.1.4 fetched in 92ms
240 silly resolveWithNewModule imurmurhash@0.1.4 checking installable status
241 http fetch GET 304 https://registry.npmjs.org/typedarray-to-buffer 110ms (from cache)
242 silly pacote range manifest for typedarray-to-buffer@^3.1.5 fetched in 111ms
243 silly resolveWithNewModule typedarray-to-buffer@3.1.5 checking installable status
244 http fetch GET 304 https://registry.npmjs.org/ci-info 90ms (from cache)
245 silly pacote range manifest for ci-info@^2.0.0 fetched in 91ms
246 silly resolveWithNewModule ci-info@2.0.0 checking installable status
247 http fetch GET 200 https://registry.npmjs.org/is-path-inside 3ms (from cache)
248 silly pacote range manifest for is-path-inside@^3.0.1 fetched in 3ms
249 silly resolveWithNewModule is-path-inside@3.0.3 checking installable status
250 http fetch GET 304 https://registry.npmjs.org/global-dirs 130ms (from cache)
251 silly pacote range manifest for global-dirs@^2.0.1 fetched in 131ms
252 silly resolveWithNewModule global-dirs@2.1.0 checking installable status
253 http fetch GET 304 https://registry.npmjs.org/ini 393ms (from cache)
254 silly pacote version manifest for ini@1.3.7 fetched in 394ms
255 silly resolveWithNewModule ini@1.3.7 checking installable status
256 http fetch GET 304 https://registry.npmjs.org/package-json 87ms (from cache)
257 silly pacote range manifest for package-json@^6.3.0 fetched in 88ms
258 silly resolveWithNewModule package-json@6.5.0 checking installable status
259 silly pacote range manifest for semver@^6.2.0 fetched in 2ms
260 silly resolveWithNewModule semver@6.3.0 checking installable status
261 http fetch GET 304 https://registry.npmjs.org/registry-url 62ms (from cache)
262 silly pacote range manifest for registry-url@^5.0.0 fetched in 65ms
263 silly resolveWithNewModule registry-url@5.1.0 checking installable status
264 http fetch GET 304 https://registry.npmjs.org/registry-auth-token 71ms (from cache)
265 silly pacote range manifest for registry-auth-token@^4.0.0 fetched in 72ms
266 silly resolveWithNewModule registry-auth-token@4.2.1 checking installable status
267 http fetch GET 304 https://registry.npmjs.org/got 74ms (from cache)
268 silly pacote range manifest for got@^9.6.0 fetched in 77ms
269 silly resolveWithNewModule got@9.6.0 checking installable status
270 http fetch GET 304 https://registry.npmjs.org/decompress-response 71ms (from cache)
271 silly pacote range manifest for decompress-response@^3.3.0 fetched in 73ms
272 silly resolveWithNewModule decompress-response@3.3.0 checking installable status
273 http fetch GET 304 https://registry.npmjs.org/to-readable-stream 74ms (from cache)
274 silly pacote range manifest for to-readable-stream@^1.0.0 fetched in 76ms
275 silly resolveWithNewModule to-readable-stream@1.0.0 checking installable status
276 http fetch GET 304 https://registry.npmjs.org/mimic-response 78ms (from cache)
277 silly pacote range manifest for mimic-response@^1.0.1 fetched in 79ms
278 silly resolveWithNewModule mimic-response@1.0.1 checking installable status
279 http fetch GET 304 https://registry.npmjs.org/cacheable-request 82ms (from cache)
280 silly pacote range manifest for cacheable-request@^6.0.0 fetched in 84ms
281 silly resolveWithNewModule cacheable-request@6.1.0 checking installable status
282 http fetch GET 304 https://registry.npmjs.org/duplexer3 87ms (from cache)
283 silly pacote range manifest for duplexer3@^0.1.4 fetched in 89ms
284 silly resolveWithNewModule duplexer3@0.1.4 checking installable status
285 http fetch GET 304 https://registry.npmjs.org/p-cancelable 93ms (from cache)
286 silly pacote range manifest for p-cancelable@^1.0.0 fetched in 94ms
287 silly resolveWithNewModule p-cancelable@1.1.0 checking installable status
288 http fetch GET 304 https://registry.npmjs.org/get-stream 96ms (from cache)
289 silly pacote range manifest for get-stream@^4.1.0 fetched in 97ms
290 silly resolveWithNewModule get-stream@4.1.0 checking installable status
291 http fetch GET 304 https://registry.npmjs.org/url-parse-lax 70ms (from cache)
292 silly pacote range manifest for url-parse-lax@^3.0.0 fetched in 71ms
293 silly resolveWithNewModule url-parse-lax@3.0.0 checking installable status
294 http fetch GET 304 https://registry.npmjs.org/lowercase-keys 175ms (from cache)
295 silly pacote range manifest for lowercase-keys@^1.0.1 fetched in 175ms
296 silly resolveWithNewModule lowercase-keys@1.0.1 checking installable status
297 http fetch GET 304 https://registry.npmjs.org/@sindresorhus%2fis 219ms (from cache)
298 silly pacote range manifest for @sindresorhus/is@^0.14.0 fetched in 221ms
299 silly resolveWithNewModule @sindresorhus/is@0.14.0 checking installable status
300 http fetch GET 304 https://registry.npmjs.org/@szmarczak%2fhttp-timer 223ms (from cache)
301 silly pacote range manifest for @szmarczak/http-timer@^1.1.2 fetched in 224ms
302 silly resolveWithNewModule @szmarczak/http-timer@1.1.2 checking installable status
303 http fetch GET 304 https://registry.npmjs.org/defer-to-connect 61ms (from cache)
304 silly pacote range manifest for defer-to-connect@^1.0.1 fetched in 63ms
305 silly resolveWithNewModule defer-to-connect@1.1.3 checking installable status
306 silly pacote range manifest for get-stream@^5.1.0 fetched in 3ms
307 silly resolveWithNewModule get-stream@5.2.0 checking installable status
308 silly pacote range manifest for lowercase-keys@^2.0.0 fetched in 6ms
309 silly resolveWithNewModule lowercase-keys@2.0.0 checking installable status
310 http fetch GET 304 https://registry.npmjs.org/http-cache-semantics 68ms (from cache)
311 silly pacote range manifest for http-cache-semantics@^4.0.0 fetched in 69ms
312 silly resolveWithNewModule http-cache-semantics@4.1.0 checking installable status
313 http fetch GET 304 https://registry.npmjs.org/keyv 78ms (from cache)
314 silly pacote range manifest for keyv@^3.0.0 fetched in 80ms
315 silly resolveWithNewModule keyv@3.1.0 checking installable status
316 http fetch GET 304 https://registry.npmjs.org/normalize-url 82ms (from cache)
317 silly pacote range manifest for normalize-url@^4.1.0 fetched in 83ms
318 silly resolveWithNewModule normalize-url@4.5.0 checking installable status
319 http fetch GET 304 https://registry.npmjs.org/clone-response 84ms (from cache)
320 silly pacote range manifest for clone-response@^1.0.2 fetched in 86ms
321 silly resolveWithNewModule clone-response@1.0.2 checking installable status
322 http fetch GET 304 https://registry.npmjs.org/responselike 116ms (from cache)
323 silly pacote range manifest for responselike@^1.0.2 fetched in 117ms
324 silly resolveWithNewModule responselike@1.0.2 checking installable status
325 http fetch GET 304 https://registry.npmjs.org/pump 149ms (from cache)
326 silly pacote range manifest for pump@^3.0.0 fetched in 150ms
327 silly resolveWithNewModule pump@3.0.0 checking installable status
328 http fetch GET 304 https://registry.npmjs.org/once 58ms (from cache)
329 silly pacote range manifest for once@^1.3.1 fetched in 59ms
330 silly resolveWithNewModule once@1.4.0 checking installable status
331 http fetch GET 304 https://registry.npmjs.org/end-of-stream 87ms (from cache)
332 silly pacote range manifest for end-of-stream@^1.1.0 fetched in 88ms
333 silly resolveWithNewModule end-of-stream@1.4.4 checking installable status
334 http fetch GET 304 https://registry.npmjs.org/wrappy 69ms (from cache)
335 silly pacote range manifest for wrappy@1 fetched in 71ms
336 silly resolveWithNewModule wrappy@1.0.2 checking installable status
337 http fetch GET 304 https://registry.npmjs.org/json-buffer 69ms (from cache)
338 silly pacote version manifest for json-buffer@3.0.0 fetched in 71ms
339 silly resolveWithNewModule json-buffer@3.0.0 checking installable status
340 http fetch GET 304 https://registry.npmjs.org/prepend-http 73ms (from cache)
341 silly pacote range manifest for prepend-http@^2.0.0 fetched in 74ms
342 silly resolveWithNewModule prepend-http@2.0.0 checking installable status
343 http fetch GET 304 https://registry.npmjs.org/rc 64ms (from cache)
344 silly pacote range manifest for rc@^1.2.8 fetched in 65ms
345 silly resolveWithNewModule rc@1.2.8 checking installable status
346 http fetch GET 304 https://registry.npmjs.org/strip-json-comments 58ms (from cache)
347 silly pacote range manifest for strip-json-comments@~2.0.1 fetched in 59ms
348 silly resolveWithNewModule strip-json-comments@2.0.1 checking installable status
349 http fetch GET 304 https://registry.npmjs.org/deep-extend 63ms (from cache)
350 silly pacote range manifest for deep-extend@^0.6.0 fetched in 64ms
351 silly resolveWithNewModule deep-extend@0.6.0 checking installable status
352 http fetch GET 304 https://registry.npmjs.org/minimist 77ms (from cache)
353 silly pacote range manifest for minimist@^1.2.0 fetched in 78ms
354 silly resolveWithNewModule minimist@1.2.5 checking installable status
355 http fetch GET 304 https://registry.npmjs.org/escape-goat 64ms (from cache)
356 silly pacote range manifest for escape-goat@^2.0.0 fetched in 65ms
357 silly resolveWithNewModule escape-goat@2.1.1 checking installable status
358 silly pacote range manifest for semver@^6.3.0 fetched in 1ms
359 silly resolveWithNewModule semver@6.3.0 checking installable status
360 timing stage:loadIdealTree:loadAllDepsIntoIdealTree Completed in 14044ms
361 timing stage:loadIdealTree Completed in 14076ms
362 silly currentTree lib
363 silly idealTree lib
363 silly idealTree └─┬ nodemon@2.0.7
363 silly idealTree   ├── @sindresorhus/is@0.14.0
363 silly idealTree   ├── @szmarczak/http-timer@1.1.2
363 silly idealTree   ├── abbrev@1.1.1
363 silly idealTree   ├─┬ ansi-align@3.0.0
363 silly idealTree   │ └── string-width@3.1.0
363 silly idealTree   ├── ansi-regex@4.1.0
363 silly idealTree   ├── ansi-styles@4.3.0
363 silly idealTree   ├── anymatch@3.1.1
363 silly idealTree   ├── balanced-match@1.0.0
363 silly idealTree   ├── binary-extensions@2.2.0
363 silly idealTree   ├── boxen@4.2.0
363 silly idealTree   ├── brace-expansion@1.1.11
363 silly idealTree   ├── braces@3.0.2
363 silly idealTree   ├─┬ cacheable-request@6.1.0
363 silly idealTree   │ ├── get-stream@5.2.0
363 silly idealTree   │ └── lowercase-keys@2.0.0
363 silly idealTree   ├── camelcase@5.3.1
363 silly idealTree   ├─┬ chalk@3.0.0
363 silly idealTree   │ ├── has-flag@4.0.0
363 silly idealTree   │ └── supports-color@7.2.0
363 silly idealTree   ├── chokidar@3.5.1
363 silly idealTree   ├── ci-info@2.0.0
363 silly idealTree   ├── cli-boxes@2.2.1
363 silly idealTree   ├── clone-response@1.0.2
363 silly idealTree   ├── color-convert@2.0.1
363 silly idealTree   ├── color-name@1.1.4
363 silly idealTree   ├── concat-map@0.0.1
363 silly idealTree   ├── configstore@5.0.1
363 silly idealTree   ├── crypto-random-string@2.0.0
363 silly idealTree   ├── debug@3.2.7
363 silly idealTree   ├── decompress-response@3.3.0
363 silly idealTree   ├── deep-extend@0.6.0
363 silly idealTree   ├── defer-to-connect@1.1.3
363 silly idealTree   ├── dot-prop@5.3.0
363 silly idealTree   ├── duplexer3@0.1.4
363 silly idealTree   ├── emoji-regex@7.0.3
363 silly idealTree   ├── end-of-stream@1.4.4
363 silly idealTree   ├── escape-goat@2.1.1
363 silly idealTree   ├── fill-range@7.0.1
363 silly idealTree   ├── fsevents@2.3.2
363 silly idealTree   ├── get-stream@4.1.0
363 silly idealTree   ├── glob-parent@5.1.2
363 silly idealTree   ├── global-dirs@2.1.0
363 silly idealTree   ├── got@9.6.0
363 silly idealTree   ├── graceful-fs@4.2.6
363 silly idealTree   ├── has-flag@3.0.0
363 silly idealTree   ├── has-yarn@2.1.0
363 silly idealTree   ├── http-cache-semantics@4.1.0
363 silly idealTree   ├── ignore-by-default@1.0.1
363 silly idealTree   ├── import-lazy@2.1.0
363 silly idealTree   ├── imurmurhash@0.1.4
363 silly idealTree   ├── ini@1.3.7
363 silly idealTree   ├── is-binary-path@2.1.0
363 silly idealTree   ├── is-ci@2.0.0
363 silly idealTree   ├── is-extglob@2.1.1
363 silly idealTree   ├── is-fullwidth-code-point@2.0.0
363 silly idealTree   ├── is-glob@4.0.1
363 silly idealTree   ├── is-installed-globally@0.3.2
363 silly idealTree   ├── is-npm@4.0.0
363 silly idealTree   ├── is-number@7.0.0
363 silly idealTree   ├── is-obj@2.0.0
363 silly idealTree   ├── is-path-inside@3.0.3
363 silly idealTree   ├── is-typedarray@1.0.0
363 silly idealTree   ├── is-yarn-global@0.3.0
363 silly idealTree   ├── json-buffer@3.0.0
363 silly idealTree   ├── keyv@3.1.0
363 silly idealTree   ├── latest-version@5.1.0
363 silly idealTree   ├── lowercase-keys@1.0.1
363 silly idealTree   ├─┬ make-dir@3.1.0
363 silly idealTree   │ └── semver@6.3.0
363 silly idealTree   ├── mimic-response@1.0.1
363 silly idealTree   ├── minimatch@3.0.4
363 silly idealTree   ├── minimist@1.2.5
363 silly idealTree   ├── ms@2.1.3
363 silly idealTree   ├── nopt@1.0.10
363 silly idealTree   ├── normalize-path@3.0.0
363 silly idealTree   ├── normalize-url@4.5.0
363 silly idealTree   ├── once@1.4.0
363 silly idealTree   ├── p-cancelable@1.1.0
363 silly idealTree   ├─┬ package-json@6.5.0
363 silly idealTree   │ └── semver@6.3.0
363 silly idealTree   ├── picomatch@2.2.2
363 silly idealTree   ├── prepend-http@2.0.0
363 silly idealTree   ├── pstree.remy@1.1.8
363 silly idealTree   ├── pump@3.0.0
363 silly idealTree   ├── pupa@2.1.1
363 silly idealTree   ├── rc@1.2.8
363 silly idealTree   ├── readdirp@3.5.0
363 silly idealTree   ├── registry-auth-token@4.2.1
363 silly idealTree   ├── registry-url@5.1.0
363 silly idealTree   ├── responselike@1.0.2
363 silly idealTree   ├─┬ semver-diff@3.1.1
363 silly idealTree   │ └── semver@6.3.0
363 silly idealTree   ├── semver@5.7.1
363 silly idealTree   ├── signal-exit@3.0.3
363 silly idealTree   ├─┬ string-width@4.2.2
363 silly idealTree   │ ├── ansi-regex@5.0.0
363 silly idealTree   │ ├── emoji-regex@8.0.0
363 silly idealTree   │ ├── is-fullwidth-code-point@3.0.0
363 silly idealTree   │ └── strip-ansi@6.0.0
363 silly idealTree   ├── strip-ansi@5.2.0
363 silly idealTree   ├── strip-json-comments@2.0.1
363 silly idealTree   ├── supports-color@5.5.0
363 silly idealTree   ├── term-size@2.2.1
363 silly idealTree   ├── to-readable-stream@1.0.0
363 silly idealTree   ├── to-regex-range@5.0.1
363 silly idealTree   ├── touch@3.1.0
363 silly idealTree   ├── type-fest@0.8.1
363 silly idealTree   ├── typedarray-to-buffer@3.1.5
363 silly idealTree   ├─┬ undefsafe@2.0.3
363 silly idealTree   │ ├── debug@2.6.9
363 silly idealTree   │ └── ms@2.0.0
363 silly idealTree   ├── unique-string@2.0.0
363 silly idealTree   ├── update-notifier@4.1.3
363 silly idealTree   ├── url-parse-lax@3.0.0
363 silly idealTree   ├── widest-line@3.1.0
363 silly idealTree   ├── wrappy@1.0.2
363 silly idealTree   ├── write-file-atomic@3.0.3
363 silly idealTree   └── xdg-basedir@4.0.0
364 silly install generateActionsToTake
365 warn checkPermissions Missing write access to /usr/local/lib/node_modules
366 timing stage:rollbackFailedOptional Completed in 0ms
367 timing stage:runTopLevelLifecycles Completed in 14363ms
368 verbose stack Error: EACCES: permission denied, access '/usr/local/lib/node_modules'
369 verbose cwd /Users/silvestregarcia/Documents/WebApi
370 verbose Darwin 19.6.0
371 verbose argv "/usr/local/bin/node" "/usr/local/bin/npm" "install" "-g" "nodemon"
372 verbose node v14.15.5
373 verbose npm  v6.14.11
374 error code EACCES
375 error syscall access
376 error path /usr/local/lib/node_modules
377 error errno -13
378 error Error: EACCES: permission denied, access '/usr/local/lib/node_modules'
378 error  [Error: EACCES: permission denied, access '/usr/local/lib/node_modules'] {
378 error   errno: -13,
378 error   code: 'EACCES',
378 error   syscall: 'access',
378 error   path: '/usr/local/lib/node_modules'
378 error }
379 error The operation was rejected by your operating system.
379 error It is likely you do not have the permissions to access this file as the current user
379 error
379 error If you believe this might be a permissions issue, please double-check the
379 error permissions of the file and its containing directories, or try running
379 error the command again as root/Administrator.
380 verbose exit [ -13, true ]
